02-Apr-2025 17:18:53.211 INFO [main] org.apache.catalina.startup.VersionLoggerListener.log Server version name:   Apache Tomcat/10.1.36
02-Apr-2025 17:18:53.214 INFO [main] org.apache.catalina.startup.VersionLoggerListener.log Server built:          Feb 13 2025 13:13:30 UTC
02-Apr-2025 17:18:53.214 INFO [main] org.apache.catalina.startup.VersionLoggerListener.log Server version number: 10.1.36.0
02-Apr-2025 17:18:53.214 INFO [main] org.apache.catalina.startup.VersionLoggerListener.log OS Name:               Mac OS X
02-Apr-2025 17:18:53.214 INFO [main] org.apache.catalina.startup.VersionLoggerListener.log OS Version:            15.3.2
02-Apr-2025 17:18:53.214 INFO [main] org.apache.catalina.startup.VersionLoggerListener.log Architecture:          aarch64
02-Apr-2025 17:18:53.214 INFO [main] org.apache.catalina.startup.VersionLoggerListener.log Java Home:             /Users/laz/Library/Java/JavaVirtualMachines/temurin-21.0.6/Contents/Home
02-Apr-2025 17:18:53.214 INFO [main] org.apache.catalina.startup.VersionLoggerListener.log JVM Version:           21.0.6+7-LTS
02-Apr-2025 17:18:53.214 INFO [main] org.apache.catalina.startup.VersionLoggerListener.log JVM Vendor:            Eclipse Adoptium
02-Apr-2025 17:18:53.214 INFO [main] org.apache.catalina.startup.VersionLoggerListener.log CATALINA_BASE:         /Users/laz/Documents/GitHub/ISD_IoT_Bay/ISDIoTWebApp
02-Apr-2025 17:18:53.214 INFO [main] org.apache.catalina.startup.VersionLoggerListener.log CATALINA_HOME:         /Users/laz/Downloads/apache-tomcat-10.1.36
02-Apr-2025 17:18:53.220 INFO [main] org.apache.catalina.startup.VersionLoggerListener.log Command line argument: --add-opens=java.base/java.lang=ALL-UNNAMED
02-Apr-2025 17:18:53.220 INFO [main] org.apache.catalina.startup.VersionLoggerListener.log Command line argument: --add-opens=java.base/java.io=ALL-UNNAMED
02-Apr-2025 17:18:53.220 INFO [main] org.apache.catalina.startup.VersionLoggerListener.log Command line argument: --add-opens=java.base/java.util=ALL-UNNAMED
02-Apr-2025 17:18:53.221 INFO [main] org.apache.catalina.startup.VersionLoggerListener.log Command line argument: --add-opens=java.base/java.util.concurrent=ALL-UNNAMED
02-Apr-2025 17:18:53.221 INFO [main] org.apache.catalina.startup.VersionLoggerListener.log Command line argument: --add-opens=java.rmi/sun.rmi.transport=ALL-UNNAMED
02-Apr-2025 17:18:53.221 INFO [main] org.apache.catalina.startup.VersionLoggerListener.log Command line argument: -Dcatalina.home=/Users/laz/Downloads/apache-tomcat-10.1.36
02-Apr-2025 17:18:53.221 INFO [main] org.apache.catalina.startup.VersionLoggerListener.log Command line argument: -Dcatalina.base=/Users/laz/Documents/GitHub/ISD_IoT_Bay/ISDIoTWebApp
02-Apr-2025 17:18:53.221 INFO [main] org.apache.catalina.startup.VersionLoggerListener.log Command line argument: -Djava.io.tmpdir=/Users/laz/Documents/GitHub/ISD_IoT_Bay/ISDIoTWebApp/temp
02-Apr-2025 17:18:53.221 INFO [main] org.apache.catalina.startup.VersionLoggerListener.log Command line argument: -Djava.util.logging.config.file=/Users/laz/Documents/GitHub/ISD_IoT_Bay/ISDIoTWebApp/conf/logging.properties
02-Apr-2025 17:18:53.221 INFO [main] org.apache.catalina.startup.VersionLoggerListener.log Command line argument: -Djava.util.logging.manager=org.apache.juli.ClassLoaderLogManager
02-Apr-2025 17:18:53.221 INFO [main] org.apache.catalina.startup.VersionLoggerListener.log Command line argument: -javaagent:/Applications/IntelliJ IDEA.app/Contents/lib/idea_rt.jar=49258
02-Apr-2025 17:18:53.221 INFO [main] org.apache.catalina.startup.VersionLoggerListener.log Command line argument: -Dfile.encoding=UTF-8
02-Apr-2025 17:18:53.221 INFO [main] org.apache.catalina.startup.VersionLoggerListener.log Command line argument: -Dsun.stdout.encoding=UTF-8
02-Apr-2025 17:18:53.221 INFO [main] org.apache.catalina.startup.VersionLoggerListener.log Command line argument: -Dsun.stderr.encoding=UTF-8
02-Apr-2025 17:18:53.227 INFO [main] org.apache.catalina.core.AprLifecycleListener.lifecycleEvent The Apache Tomcat Native library which allows using OpenSSL was not found on the java.library.path: [/Users/laz/Library/Java/Extensions:/Library/Java/Extensions:/Network/Library/Java/Extensions:/System/Library/Java/Extensions:/usr/lib/java:.]
02-Apr-2025 17:18:53.347 INFO [main] org.apache.coyote.AbstractProtocol.init Initializing ProtocolHandler ["http-nio-8080"]
02-Apr-2025 17:18:53.356 INFO [main] org.apache.catalina.startup.Catalina.load Server initialization in [232] milliseconds
02-Apr-2025 17:18:53.374 INFO [main] org.apache.catalina.core.StandardService.startInternal Starting service [Catalina]
02-Apr-2025 17:18:53.374 INFO [main] org.apache.catalina.core.StandardEngine.startInternal Starting Servlet engine: [Apache Tomcat/10.1.36]
02-Apr-2025 17:18:53.378 INFO [main] org.apache.catalina.startup.HostConfig.deployDescriptor Deploying deployment descriptor [/Users/laz/Documents/GitHub/ISD_IoT_Bay/ISDIoTWebApp/conf/Catalina/localhost/Web.xml]
02-Apr-2025 17:18:53.513 INFO [main] org.apache.catalina.startup.HostConfig.deployDescriptor Deployment of deployment descriptor [/Users/laz/Documents/GitHub/ISD_IoT_Bay/ISDIoTWebApp/conf/Catalina/localhost/Web.xml] has finished in [135] ms
02-Apr-2025 17:18:53.514 INFO [main] org.apache.coyote.AbstractProtocol.start Starting ProtocolHandler ["http-nio-8080"]
02-Apr-2025 17:18:53.520 INFO [main] org.apache.catalina.startup.Catalina.start Server startup in [163] milliseconds
02-Apr-2025 18:09:38.124 INFO [Thread-1] org.apache.coyote.AbstractProtocol.pause Pausing ProtocolHandler ["http-nio-8080"]
02-Apr-2025 18:09:38.125 INFO [Thread-1] org.apache.catalina.core.StandardService.stopInternal Stopping service [Catalina]
02-Apr-2025 18:09:38.135 INFO [Thread-1] org.apache.coyote.AbstractProtocol.stop Stopping ProtocolHandler ["http-nio-8080"]
02-Apr-2025 18:09:38.138 INFO [Thread-1] org.apache.coyote.AbstractProtocol.destroy Destroying ProtocolHandler ["http-nio-8080"]
02-Apr-2025 18:11:19.605 INFO [main] org.apache.catalina.startup.VersionLoggerListener.log Server version name:   Apache Tomcat/10.1.36
02-Apr-2025 18:11:19.608 INFO [main] org.apache.catalina.startup.VersionLoggerListener.log Server built:          Feb 13 2025 13:13:30 UTC
02-Apr-2025 18:11:19.609 INFO [main] org.apache.catalina.startup.VersionLoggerListener.log Server version number: 10.1.36.0
02-Apr-2025 18:11:19.609 INFO [main] org.apache.catalina.startup.VersionLoggerListener.log OS Name:               Mac OS X
02-Apr-2025 18:11:19.609 INFO [main] org.apache.catalina.startup.VersionLoggerListener.log OS Version:            15.3.2
02-Apr-2025 18:11:19.609 INFO [main] org.apache.catalina.startup.VersionLoggerListener.log Architecture:          aarch64
02-Apr-2025 18:11:19.609 INFO [main] org.apache.catalina.startup.VersionLoggerListener.log Java Home:             /Users/laz/Library/Java/JavaVirtualMachines/temurin-21.0.6/Contents/Home
02-Apr-2025 18:11:19.609 INFO [main] org.apache.catalina.startup.VersionLoggerListener.log JVM Version:           21.0.6+7-LTS
02-Apr-2025 18:11:19.609 INFO [main] org.apache.catalina.startup.VersionLoggerListener.log JVM Vendor:            Eclipse Adoptium
02-Apr-2025 18:11:19.609 INFO [main] org.apache.catalina.startup.VersionLoggerListener.log CATALINA_BASE:         /Users/laz/Documents/GitHub/ISD_IoT_Bay/ISDIoTWebApp
02-Apr-2025 18:11:19.609 INFO [main] org.apache.catalina.startup.VersionLoggerListener.log CATALINA_HOME:         /Users/laz/Downloads/apache-tomcat-10.1.36
02-Apr-2025 18:11:19.616 INFO [main] org.apache.catalina.startup.VersionLoggerListener.log Command line argument: --add-opens=java.base/java.lang=ALL-UNNAMED
02-Apr-2025 18:11:19.616 INFO [main] org.apache.catalina.startup.VersionLoggerListener.log Command line argument: --add-opens=java.base/java.io=ALL-UNNAMED
02-Apr-2025 18:11:19.617 INFO [main] org.apache.catalina.startup.VersionLoggerListener.log Command line argument: --add-opens=java.base/java.util=ALL-UNNAMED
02-Apr-2025 18:11:19.617 INFO [main] org.apache.catalina.startup.VersionLoggerListener.log Command line argument: --add-opens=java.base/java.util.concurrent=ALL-UNNAMED
02-Apr-2025 18:11:19.617 INFO [main] org.apache.catalina.startup.VersionLoggerListener.log Command line argument: --add-opens=java.rmi/sun.rmi.transport=ALL-UNNAMED
02-Apr-2025 18:11:19.617 INFO [main] org.apache.catalina.startup.VersionLoggerListener.log Command line argument: -Dcatalina.home=/Users/laz/Downloads/apache-tomcat-10.1.36
02-Apr-2025 18:11:19.617 INFO [main] org.apache.catalina.startup.VersionLoggerListener.log Command line argument: -Dcatalina.base=/Users/laz/Documents/GitHub/ISD_IoT_Bay/ISDIoTWebApp
02-Apr-2025 18:11:19.617 INFO [main] org.apache.catalina.startup.VersionLoggerListener.log Command line argument: -Djava.io.tmpdir=/Users/laz/Documents/GitHub/ISD_IoT_Bay/ISDIoTWebApp/temp
02-Apr-2025 18:11:19.617 INFO [main] org.apache.catalina.startup.VersionLoggerListener.log Command line argument: -Djava.util.logging.config.file=/Users/laz/Documents/GitHub/ISD_IoT_Bay/ISDIoTWebApp/conf/logging.properties
02-Apr-2025 18:11:19.617 INFO [main] org.apache.catalina.startup.VersionLoggerListener.log Command line argument: -Djava.util.logging.manager=org.apache.juli.ClassLoaderLogManager
02-Apr-2025 18:11:19.617 INFO [main] org.apache.catalina.startup.VersionLoggerListener.log Command line argument: -javaagent:/Applications/IntelliJ IDEA.app/Contents/lib/idea_rt.jar=49402
02-Apr-2025 18:11:19.617 INFO [main] org.apache.catalina.startup.VersionLoggerListener.log Command line argument: -Dfile.encoding=UTF-8
02-Apr-2025 18:11:19.617 INFO [main] org.apache.catalina.startup.VersionLoggerListener.log Command line argument: -Dsun.stdout.encoding=UTF-8
02-Apr-2025 18:11:19.617 INFO [main] org.apache.catalina.startup.VersionLoggerListener.log Command line argument: -Dsun.stderr.encoding=UTF-8
02-Apr-2025 18:11:19.625 INFO [main] org.apache.catalina.core.AprLifecycleListener.lifecycleEvent The Apache Tomcat Native library which allows using OpenSSL was not found on the java.library.path: [/Users/laz/Library/Java/Extensions:/Library/Java/Extensions:/Network/Library/Java/Extensions:/System/Library/Java/Extensions:/usr/lib/java:.]
02-Apr-2025 18:11:19.757 INFO [main] org.apache.coyote.AbstractProtocol.init Initializing ProtocolHandler ["http-nio-8080"]
02-Apr-2025 18:11:19.764 INFO [main] org.apache.catalina.startup.Catalina.load Server initialization in [244] milliseconds
02-Apr-2025 18:11:19.779 INFO [main] org.apache.catalina.core.StandardService.startInternal Starting service [Catalina]
02-Apr-2025 18:11:19.779 INFO [main] org.apache.catalina.core.StandardEngine.startInternal Starting Servlet engine: [Apache Tomcat/10.1.36]
02-Apr-2025 18:11:19.782 INFO [main] org.apache.catalina.startup.HostConfig.deployDescriptor Deploying deployment descriptor [/Users/laz/Documents/GitHub/ISD_IoT_Bay/ISDIoTWebApp/conf/Catalina/localhost/Web.xml]
02-Apr-2025 18:11:19.900 INFO [main] org.apache.catalina.startup.HostConfig.deployDescriptor Deployment of deployment descriptor [/Users/laz/Documents/GitHub/ISD_IoT_Bay/ISDIoTWebApp/conf/Catalina/localhost/Web.xml] has finished in [118] ms
02-Apr-2025 18:11:19.901 INFO [main] org.apache.coyote.AbstractProtocol.start Starting ProtocolHandler ["http-nio-8080"]
02-Apr-2025 18:11:19.908 INFO [main] org.apache.catalina.startup.Catalina.start Server startup in [143] milliseconds
02-Apr-2025 18:17:22.895 INFO [Thread-1] org.apache.coyote.AbstractProtocol.pause Pausing ProtocolHandler ["http-nio-8080"]
02-Apr-2025 18:17:22.896 INFO [Thread-1] org.apache.catalina.core.StandardService.stopInternal Stopping service [Catalina]
02-Apr-2025 18:17:22.903 INFO [Thread-1] org.apache.coyote.AbstractProtocol.stop Stopping ProtocolHandler ["http-nio-8080"]
02-Apr-2025 18:17:22.906 INFO [Thread-1] org.apache.coyote.AbstractProtocol.destroy Destroying ProtocolHandler ["http-nio-8080"]
02-Apr-2025 18:23:04.439 INFO [main] org.apache.catalina.startup.VersionLoggerListener.log Server version name:   Apache Tomcat/10.1.36
02-Apr-2025 18:23:04.441 INFO [main] org.apache.catalina.startup.VersionLoggerListener.log Server built:          Feb 13 2025 13:13:30 UTC
02-Apr-2025 18:23:04.441 INFO [main] org.apache.catalina.startup.VersionLoggerListener.log Server version number: 10.1.36.0
02-Apr-2025 18:23:04.441 INFO [main] org.apache.catalina.startup.VersionLoggerListener.log OS Name:               Mac OS X
02-Apr-2025 18:23:04.441 INFO [main] org.apache.catalina.startup.VersionLoggerListener.log OS Version:            15.3.2
02-Apr-2025 18:23:04.441 INFO [main] org.apache.catalina.startup.VersionLoggerListener.log Architecture:          aarch64
02-Apr-2025 18:23:04.441 INFO [main] org.apache.catalina.startup.VersionLoggerListener.log Java Home:             /Users/laz/Library/Java/JavaVirtualMachines/temurin-21.0.6/Contents/Home
02-Apr-2025 18:23:04.441 INFO [main] org.apache.catalina.startup.VersionLoggerListener.log JVM Version:           21.0.6+7-LTS
02-Apr-2025 18:23:04.441 INFO [main] org.apache.catalina.startup.VersionLoggerListener.log JVM Vendor:            Eclipse Adoptium
02-Apr-2025 18:23:04.441 INFO [main] org.apache.catalina.startup.VersionLoggerListener.log CATALINA_BASE:         /Users/laz/Documents/GitHub/ISD_IoT_Bay/ISDIoTWebApp
02-Apr-2025 18:23:04.441 INFO [main] org.apache.catalina.startup.VersionLoggerListener.log CATALINA_HOME:         /Users/laz/Downloads/apache-tomcat-10.1.36
02-Apr-2025 18:23:04.447 INFO [main] org.apache.catalina.startup.VersionLoggerListener.log Command line argument: --add-opens=java.base/java.lang=ALL-UNNAMED
02-Apr-2025 18:23:04.447 INFO [main] org.apache.catalina.startup.VersionLoggerListener.log Command line argument: --add-opens=java.base/java.io=ALL-UNNAMED
02-Apr-2025 18:23:04.447 INFO [main] org.apache.catalina.startup.VersionLoggerListener.log Command line argument: --add-opens=java.base/java.util=ALL-UNNAMED
02-Apr-2025 18:23:04.447 INFO [main] org.apache.catalina.startup.VersionLoggerListener.log Command line argument: --add-opens=java.base/java.util.concurrent=ALL-UNNAMED
02-Apr-2025 18:23:04.447 INFO [main] org.apache.catalina.startup.VersionLoggerListener.log Command line argument: --add-opens=java.rmi/sun.rmi.transport=ALL-UNNAMED
02-Apr-2025 18:23:04.447 INFO [main] org.apache.catalina.startup.VersionLoggerListener.log Command line argument: -Dcatalina.home=/Users/laz/Downloads/apache-tomcat-10.1.36
02-Apr-2025 18:23:04.447 INFO [main] org.apache.catalina.startup.VersionLoggerListener.log Command line argument: -Dcatalina.base=/Users/laz/Documents/GitHub/ISD_IoT_Bay/ISDIoTWebApp
02-Apr-2025 18:23:04.447 INFO [main] org.apache.catalina.startup.VersionLoggerListener.log Command line argument: -Djava.io.tmpdir=/Users/laz/Documents/GitHub/ISD_IoT_Bay/ISDIoTWebApp/temp
02-Apr-2025 18:23:04.447 INFO [main] org.apache.catalina.startup.VersionLoggerListener.log Command line argument: -Djava.util.logging.config.file=/Users/laz/Documents/GitHub/ISD_IoT_Bay/ISDIoTWebApp/conf/logging.properties
02-Apr-2025 18:23:04.448 INFO [main] org.apache.catalina.startup.VersionLoggerListener.log Command line argument: -Djava.util.logging.manager=org.apache.juli.ClassLoaderLogManager
02-Apr-2025 18:23:04.448 INFO [main] org.apache.catalina.startup.VersionLoggerListener.log Command line argument: -javaagent:/Applications/IntelliJ IDEA.app/Contents/lib/idea_rt.jar=49493
02-Apr-2025 18:23:04.448 INFO [main] org.apache.catalina.startup.VersionLoggerListener.log Command line argument: -Dfile.encoding=UTF-8
02-Apr-2025 18:23:04.448 INFO [main] org.apache.catalina.startup.VersionLoggerListener.log Command line argument: -Dsun.stdout.encoding=UTF-8
02-Apr-2025 18:23:04.448 INFO [main] org.apache.catalina.startup.VersionLoggerListener.log Command line argument: -Dsun.stderr.encoding=UTF-8
02-Apr-2025 18:23:04.453 INFO [main] org.apache.catalina.core.AprLifecycleListener.lifecycleEvent The Apache Tomcat Native library which allows using OpenSSL was not found on the java.library.path: [/Users/laz/Library/Java/Extensions:/Library/Java/Extensions:/Network/Library/Java/Extensions:/System/Library/Java/Extensions:/usr/lib/java:.]
02-Apr-2025 18:23:04.563 INFO [main] org.apache.coyote.AbstractProtocol.init Initializing ProtocolHandler ["http-nio-8080"]
02-Apr-2025 18:23:04.569 INFO [main] org.apache.catalina.startup.Catalina.load Server initialization in [222] milliseconds
02-Apr-2025 18:23:04.584 INFO [main] org.apache.catalina.core.StandardService.startInternal Starting service [Catalina]
02-Apr-2025 18:23:04.584 INFO [main] org.apache.catalina.core.StandardEngine.startInternal Starting Servlet engine: [Apache Tomcat/10.1.36]
02-Apr-2025 18:23:04.587 INFO [main] org.apache.catalina.startup.HostConfig.deployDescriptor Deploying deployment descriptor [/Users/laz/Documents/GitHub/ISD_IoT_Bay/ISDIoTWebApp/conf/Catalina/localhost/Web.xml]
02-Apr-2025 18:23:04.712 INFO [main] org.apache.catalina.startup.HostConfig.deployDescriptor Deployment of deployment descriptor [/Users/laz/Documents/GitHub/ISD_IoT_Bay/ISDIoTWebApp/conf/Catalina/localhost/Web.xml] has finished in [124] ms
02-Apr-2025 18:23:04.713 INFO [main] org.apache.coyote.AbstractProtocol.start Starting ProtocolHandler ["http-nio-8080"]
02-Apr-2025 18:23:04.720 INFO [main] org.apache.catalina.startup.Catalina.start Server startup in [150] milliseconds
02-Apr-2025 19:24:20.720 INFO [Thread-1] org.apache.coyote.AbstractProtocol.pause Pausing ProtocolHandler ["http-nio-8080"]
02-Apr-2025 19:24:20.721 INFO [Thread-1] org.apache.catalina.core.StandardService.stopInternal Stopping service [Catalina]
02-Apr-2025 19:24:20.730 INFO [Thread-1] org.apache.coyote.AbstractProtocol.stop Stopping ProtocolHandler ["http-nio-8080"]
02-Apr-2025 19:24:20.733 INFO [Thread-1] org.apache.coyote.AbstractProtocol.destroy Destroying ProtocolHandler ["http-nio-8080"]
02-Apr-2025 23:38:42.761 INFO [main] org.apache.catalina.startup.VersionLoggerListener.log Server version name:   Apache Tomcat/10.1.36
02-Apr-2025 23:38:42.763 INFO [main] org.apache.catalina.startup.VersionLoggerListener.log Server built:          Feb 13 2025 13:13:30 UTC
02-Apr-2025 23:38:42.763 INFO [main] org.apache.catalina.startup.VersionLoggerListener.log Server version number: 10.1.36.0
02-Apr-2025 23:38:42.763 INFO [main] org.apache.catalina.startup.VersionLoggerListener.log OS Name:               Mac OS X
02-Apr-2025 23:38:42.763 INFO [main] org.apache.catalina.startup.VersionLoggerListener.log OS Version:            15.3.2
02-Apr-2025 23:38:42.763 INFO [main] org.apache.catalina.startup.VersionLoggerListener.log Architecture:          aarch64
02-Apr-2025 23:38:42.763 INFO [main] org.apache.catalina.startup.VersionLoggerListener.log Java Home:             /Users/laz/Library/Java/JavaVirtualMachines/temurin-21.0.6/Contents/Home
02-Apr-2025 23:38:42.763 INFO [main] org.apache.catalina.startup.VersionLoggerListener.log JVM Version:           21.0.6+7-LTS
02-Apr-2025 23:38:42.763 INFO [main] org.apache.catalina.startup.VersionLoggerListener.log JVM Vendor:            Eclipse Adoptium
02-Apr-2025 23:38:42.763 INFO [main] org.apache.catalina.startup.VersionLoggerListener.log CATALINA_BASE:         /Users/laz/Documents/GitHub/ISD_IoT_Bay/ISDIoTWebApp
02-Apr-2025 23:38:42.763 INFO [main] org.apache.catalina.startup.VersionLoggerListener.log CATALINA_HOME:         /Users/laz/Downloads/apache-tomcat-10.1.36
02-Apr-2025 23:38:42.768 INFO [main] org.apache.catalina.startup.VersionLoggerListener.log Command line argument: --add-opens=java.base/java.lang=ALL-UNNAMED
02-Apr-2025 23:38:42.768 INFO [main] org.apache.catalina.startup.VersionLoggerListener.log Command line argument: --add-opens=java.base/java.io=ALL-UNNAMED
02-Apr-2025 23:38:42.768 INFO [main] org.apache.catalina.startup.VersionLoggerListener.log Command line argument: --add-opens=java.base/java.util=ALL-UNNAMED
02-Apr-2025 23:38:42.768 INFO [main] org.apache.catalina.startup.VersionLoggerListener.log Command line argument: --add-opens=java.base/java.util.concurrent=ALL-UNNAMED
02-Apr-2025 23:38:42.768 INFO [main] org.apache.catalina.startup.VersionLoggerListener.log Command line argument: --add-opens=java.rmi/sun.rmi.transport=ALL-UNNAMED
02-Apr-2025 23:38:42.768 INFO [main] org.apache.catalina.startup.VersionLoggerListener.log Command line argument: -Dcatalina.home=/Users/laz/Downloads/apache-tomcat-10.1.36
02-Apr-2025 23:38:42.768 INFO [main] org.apache.catalina.startup.VersionLoggerListener.log Command line argument: -Dcatalina.base=/Users/laz/Documents/GitHub/ISD_IoT_Bay/ISDIoTWebApp
02-Apr-2025 23:38:42.768 INFO [main] org.apache.catalina.startup.VersionLoggerListener.log Command line argument: -Djava.io.tmpdir=/Users/laz/Documents/GitHub/ISD_IoT_Bay/ISDIoTWebApp/temp
02-Apr-2025 23:38:42.768 INFO [main] org.apache.catalina.startup.VersionLoggerListener.log Command line argument: -Djava.util.logging.config.file=/Users/laz/Documents/GitHub/ISD_IoT_Bay/ISDIoTWebApp/conf/logging.properties
02-Apr-2025 23:38:42.768 INFO [main] org.apache.catalina.startup.VersionLoggerListener.log Command line argument: -Djava.util.logging.manager=org.apache.juli.ClassLoaderLogManager
02-Apr-2025 23:38:42.768 INFO [main] org.apache.catalina.startup.VersionLoggerListener.log Command line argument: -javaagent:/Applications/IntelliJ IDEA.app/Contents/lib/idea_rt.jar=49979
02-Apr-2025 23:38:42.768 INFO [main] org.apache.catalina.startup.VersionLoggerListener.log Command line argument: -Dfile.encoding=UTF-8
02-Apr-2025 23:38:42.768 INFO [main] org.apache.catalina.startup.VersionLoggerListener.log Command line argument: -Dsun.stdout.encoding=UTF-8
02-Apr-2025 23:38:42.768 INFO [main] org.apache.catalina.startup.VersionLoggerListener.log Command line argument: -Dsun.stderr.encoding=UTF-8
02-Apr-2025 23:38:42.772 INFO [main] org.apache.catalina.core.AprLifecycleListener.lifecycleEvent The Apache Tomcat Native library which allows using OpenSSL was not found on the java.library.path: [/Users/laz/Library/Java/Extensions:/Library/Java/Extensions:/Network/Library/Java/Extensions:/System/Library/Java/Extensions:/usr/lib/java:.]
02-Apr-2025 23:38:42.886 INFO [main] org.apache.coyote.AbstractProtocol.init Initializing ProtocolHandler ["http-nio-8080"]
02-Apr-2025 23:38:42.892 INFO [main] org.apache.catalina.startup.Catalina.load Server initialization in [204] milliseconds
02-Apr-2025 23:38:42.905 INFO [main] org.apache.catalina.core.StandardService.startInternal Starting service [Catalina]
02-Apr-2025 23:38:42.905 INFO [main] org.apache.catalina.core.StandardEngine.startInternal Starting Servlet engine: [Apache Tomcat/10.1.36]
02-Apr-2025 23:38:42.908 INFO [main] org.apache.catalina.startup.HostConfig.deployDescriptor Deploying deployment descriptor [/Users/laz/Documents/GitHub/ISD_IoT_Bay/ISDIoTWebApp/conf/Catalina/localhost/Web.xml]
02-Apr-2025 23:38:43.004 INFO [main] org.apache.catalina.startup.HostConfig.deployDescriptor Deployment of deployment descriptor [/Users/laz/Documents/GitHub/ISD_IoT_Bay/ISDIoTWebApp/conf/Catalina/localhost/Web.xml] has finished in [96] ms
02-Apr-2025 23:38:43.006 INFO [main] org.apache.coyote.AbstractProtocol.start Starting ProtocolHandler ["http-nio-8080"]
02-Apr-2025 23:38:43.010 INFO [main] org.apache.catalina.startup.Catalina.start Server startup in [116] milliseconds
02-Apr-2025 23:38:57.074 INFO [Thread-1] org.apache.coyote.AbstractProtocol.pause Pausing ProtocolHandler ["http-nio-8080"]
02-Apr-2025 23:38:57.075 INFO [Thread-1] org.apache.catalina.core.StandardService.stopInternal Stopping service [Catalina]
02-Apr-2025 23:38:57.080 INFO [Thread-1] org.apache.coyote.AbstractProtocol.stop Stopping ProtocolHandler ["http-nio-8080"]
02-Apr-2025 23:38:57.082 INFO [Thread-1] org.apache.coyote.AbstractProtocol.destroy Destroying ProtocolHandler ["http-nio-8080"]
