02-Apr-2025 18:13:34.938 SEVERE [http-nio-8080-exec-7] org.apache.catalina.core.StandardWrapperValve.invoke Servlet.service() for servlet [jsp] in context with path [/Web] threw exception [Unable to compile class for JSP: 

An error occurred at line: [14] in the generated java file: [/Users/laz/Documents/GitHub/ISD_IoT_Bay/ISDIoTWebApp/work/Catalina/localhost/Web/org/apache/jsp/welcome_jsp.java]
Only a type can be imported. uts.isd.model.User resolves to a package

An error occurred at line: [22] in the jsp file: [/welcome.jsp]
User cannot be resolved to a type
19:     String lastName = request.getParameter("lastName");
20:     String email = request.getParameter("email");
21:     String password = request.getParameter("password");
22:     User user = new User(firstName, lastName, email, password);
23:     session.setAttribute("user", user);
24: %>
25: </body>


An error occurred at line: [22] in the jsp file: [/welcome.jsp]
User cannot be resolved to a type
19:     String lastName = request.getParameter("lastName");
20:     String email = request.getParameter("email");
21:     String password = request.getParameter("password");
22:     User user = new User(firstName, lastName, email, password);
23:     session.setAttribute("user", user);
24: %>
25: </body>


Stacktrace:] with root cause
	org.apache.jasper.JasperException: Unable to compile class for JSP: 

An error occurred at line: [14] in the generated java file: [/Users/laz/Documents/GitHub/ISD_IoT_Bay/ISDIoTWebApp/work/Catalina/localhost/Web/org/apache/jsp/welcome_jsp.java]
Only a type can be imported. uts.isd.model.User resolves to a package

An error occurred at line: [22] in the jsp file: [/welcome.jsp]
User cannot be resolved to a type
19:     String lastName = request.getParameter("lastName");
20:     String email = request.getParameter("email");
21:     String password = request.getParameter("password");
22:     User user = new User(firstName, lastName, email, password);
23:     session.setAttribute("user", user);
24: %>
25: </body>


An error occurred at line: [22] in the jsp file: [/welcome.jsp]
User cannot be resolved to a type
19:     String lastName = request.getParameter("lastName");
20:     String email = request.getParameter("email");
21:     String password = request.getParameter("password");
22:     User user = new User(firstName, lastName, email, password);
23:     session.setAttribute("user", user);
24: %>
25: </body>


Stacktrace:
		at org.apache.jasper.compiler.DefaultErrorHandler.javacError(DefaultErrorHandler.java:72)
		at org.apache.jasper.compiler.ErrorDispatcher.javacError(ErrorDispatcher.java:192)
		at org.apache.jasper.compiler.JDTCompiler.generateClass(JDTCompiler.java:524)
		at org.apache.jasper.compiler.Compiler.compile(Compiler.java:373)
		at org.apache.jasper.compiler.Compiler.compile(Compiler.java:345)
		at org.apache.jasper.compiler.Compiler.compile(Compiler.java:331)
		at org.apache.jasper.JspCompilationContext.compile(JspCompilationContext.java:603)
		at org.apache.jasper.servlet.JspServletWrapper.service(JspServletWrapper.java:396)
		at org.apache.jasper.servlet.JspServlet.serviceJspFile(JspServlet.java:377)
		at org.apache.jasper.servlet.JspServlet.service(JspServlet.java:325)
		at jakarta.servlet.http.HttpServlet.service(HttpServlet.java:658)
		at org.apache.catalina.core.ApplicationFilterChain.internalDoFilter(ApplicationFilterChain.java:195)
		at org.apache.catalina.core.ApplicationFilterChain.doFilter(ApplicationFilterChain.java:140)
		at org.apache.tomcat.websocket.server.WsFilter.doFilter(WsFilter.java:51)
		at org.apache.catalina.core.ApplicationFilterChain.internalDoFilter(ApplicationFilterChain.java:164)
		at org.apache.catalina.core.ApplicationFilterChain.doFilter(ApplicationFilterChain.java:140)
		at org.apache.catalina.core.StandardWrapperValve.invoke(StandardWrapperValve.java:167)
		at org.apache.catalina.core.StandardContextValve.invoke(StandardContextValve.java:90)
		at org.apache.catalina.authenticator.AuthenticatorBase.invoke(AuthenticatorBase.java:483)
		at org.apache.catalina.core.StandardHostValve.invoke(StandardHostValve.java:115)
		at org.apache.catalina.valves.ErrorReportValve.invoke(ErrorReportValve.java:93)
		at org.apache.catalina.valves.AbstractAccessLogValve.invoke(AbstractAccessLogValve.java:663)
		at org.apache.catalina.core.StandardEngineValve.invoke(StandardEngineValve.java:74)
		at org.apache.catalina.connector.CoyoteAdapter.service(CoyoteAdapter.java:344)
		at org.apache.coyote.http11.Http11Processor.service(Http11Processor.java:397)
		at org.apache.coyote.AbstractProcessorLight.process(AbstractProcessorLight.java:63)
		at org.apache.coyote.AbstractProtocol$ConnectionHandler.process(AbstractProtocol.java:905)
		at org.apache.tomcat.util.net.NioEndpoint$SocketProcessor.doRun(NioEndpoint.java:1743)
		at org.apache.tomcat.util.net.SocketProcessorBase.run(SocketProcessorBase.java:52)
		at org.apache.tomcat.util.threads.ThreadPoolExecutor.runWorker(ThreadPoolExecutor.java:1190)
		at org.apache.tomcat.util.threads.ThreadPoolExecutor$Worker.run(ThreadPoolExecutor.java:659)
		at org.apache.tomcat.util.threads.TaskThread$WrappingRunnable.run(TaskThread.java:63)
		at java.base/java.lang.Thread.run(Thread.java:1583)
02-Apr-2025 18:13:41.937 SEVERE [http-nio-8080-exec-8] org.apache.catalina.core.StandardWrapperValve.invoke Servlet.service() for servlet [jsp] in context with path [/Web] threw exception [Unable to compile class for JSP: 

An error occurred at line: [14] in the generated java file: [/Users/laz/Documents/GitHub/ISD_IoT_Bay/ISDIoTWebApp/work/Catalina/localhost/Web/org/apache/jsp/welcome_jsp.java]
Only a type can be imported. uts.isd.model.User resolves to a package

An error occurred at line: [22] in the jsp file: [/welcome.jsp]
User cannot be resolved to a type
19:     String lastName = request.getParameter("lastName");
20:     String email = request.getParameter("email");
21:     String password = request.getParameter("password");
22:     User user = new User(firstName, lastName, email, password);
23:     session.setAttribute("user", user);
24: %>
25: </body>


An error occurred at line: [22] in the jsp file: [/welcome.jsp]
User cannot be resolved to a type
19:     String lastName = request.getParameter("lastName");
20:     String email = request.getParameter("email");
21:     String password = request.getParameter("password");
22:     User user = new User(firstName, lastName, email, password);
23:     session.setAttribute("user", user);
24: %>
25: </body>


Stacktrace:] with root cause
	org.apache.jasper.JasperException: Unable to compile class for JSP: 

An error occurred at line: [14] in the generated java file: [/Users/laz/Documents/GitHub/ISD_IoT_Bay/ISDIoTWebApp/work/Catalina/localhost/Web/org/apache/jsp/welcome_jsp.java]
Only a type can be imported. uts.isd.model.User resolves to a package

An error occurred at line: [22] in the jsp file: [/welcome.jsp]
User cannot be resolved to a type
19:     String lastName = request.getParameter("lastName");
20:     String email = request.getParameter("email");
21:     String password = request.getParameter("password");
22:     User user = new User(firstName, lastName, email, password);
23:     session.setAttribute("user", user);
24: %>
25: </body>


An error occurred at line: [22] in the jsp file: [/welcome.jsp]
User cannot be resolved to a type
19:     String lastName = request.getParameter("lastName");
20:     String email = request.getParameter("email");
21:     String password = request.getParameter("password");
22:     User user = new User(firstName, lastName, email, password);
23:     session.setAttribute("user", user);
24: %>
25: </body>


Stacktrace:
		at org.apache.jasper.compiler.DefaultErrorHandler.javacError(DefaultErrorHandler.java:72)
		at org.apache.jasper.compiler.ErrorDispatcher.javacError(ErrorDispatcher.java:192)
		at org.apache.jasper.compiler.JDTCompiler.generateClass(JDTCompiler.java:524)
		at org.apache.jasper.compiler.Compiler.compile(Compiler.java:373)
		at org.apache.jasper.compiler.Compiler.compile(Compiler.java:345)
		at org.apache.jasper.compiler.Compiler.compile(Compiler.java:331)
		at org.apache.jasper.JspCompilationContext.compile(JspCompilationContext.java:603)
		at org.apache.jasper.servlet.JspServletWrapper.service(JspServletWrapper.java:396)
		at org.apache.jasper.servlet.JspServlet.serviceJspFile(JspServlet.java:377)
		at org.apache.jasper.servlet.JspServlet.service(JspServlet.java:325)
		at jakarta.servlet.http.HttpServlet.service(HttpServlet.java:658)
		at org.apache.catalina.core.ApplicationFilterChain.internalDoFilter(ApplicationFilterChain.java:195)
		at org.apache.catalina.core.ApplicationFilterChain.doFilter(ApplicationFilterChain.java:140)
		at org.apache.tomcat.websocket.server.WsFilter.doFilter(WsFilter.java:51)
		at org.apache.catalina.core.ApplicationFilterChain.internalDoFilter(ApplicationFilterChain.java:164)
		at org.apache.catalina.core.ApplicationFilterChain.doFilter(ApplicationFilterChain.java:140)
		at org.apache.catalina.core.StandardWrapperValve.invoke(StandardWrapperValve.java:167)
		at org.apache.catalina.core.StandardContextValve.invoke(StandardContextValve.java:90)
		at org.apache.catalina.authenticator.AuthenticatorBase.invoke(AuthenticatorBase.java:483)
		at org.apache.catalina.core.StandardHostValve.invoke(StandardHostValve.java:115)
		at org.apache.catalina.valves.ErrorReportValve.invoke(ErrorReportValve.java:93)
		at org.apache.catalina.valves.AbstractAccessLogValve.invoke(AbstractAccessLogValve.java:663)
		at org.apache.catalina.core.StandardEngineValve.invoke(StandardEngineValve.java:74)
		at org.apache.catalina.connector.CoyoteAdapter.service(CoyoteAdapter.java:344)
		at org.apache.coyote.http11.Http11Processor.service(Http11Processor.java:397)
		at org.apache.coyote.AbstractProcessorLight.process(AbstractProcessorLight.java:63)
		at org.apache.coyote.AbstractProtocol$ConnectionHandler.process(AbstractProtocol.java:905)
		at org.apache.tomcat.util.net.NioEndpoint$SocketProcessor.doRun(NioEndpoint.java:1743)
		at org.apache.tomcat.util.net.SocketProcessorBase.run(SocketProcessorBase.java:52)
		at org.apache.tomcat.util.threads.ThreadPoolExecutor.runWorker(ThreadPoolExecutor.java:1190)
		at org.apache.tomcat.util.threads.ThreadPoolExecutor$Worker.run(ThreadPoolExecutor.java:659)
		at org.apache.tomcat.util.threads.TaskThread$WrappingRunnable.run(TaskThread.java:63)
		at java.base/java.lang.Thread.run(Thread.java:1583)
02-Apr-2025 23:38:45.044 SEVERE [http-nio-8080-exec-2] org.apache.catalina.core.StandardWrapperValve.invoke Servlet.service() for servlet [jsp] in context with path [/Web] threw exception [Unable to compile class for JSP: 

An error occurred at line: [14] in the generated java file: [/Users/laz/Documents/GitHub/ISD_IoT_Bay/ISDIoTWebApp/work/Catalina/localhost/Web/org/apache/jsp/index_jsp.java]
Only a type can be imported. uts.isd.model.User resolves to a package

An error occurred at line: [15] in the generated java file: [/Users/laz/Documents/GitHub/ISD_IoT_Bay/ISDIoTWebApp/work/Catalina/localhost/Web/org/apache/jsp/index_jsp.java]
Only a type can be imported. uts.isd.model.User resolves to a package

An error occurred at line: [6] in the jsp file: [/index.jsp]
User cannot be resolved to a type
3: 
4: <%
5: 
6:     User user = (User)session.getAttribute("loggedInUser");
7: 
8: %>
9: 


An error occurred at line: [6] in the jsp file: [/index.jsp]
User cannot be resolved to a type
3: 
4: <%
5: 
6:     User user = (User)session.getAttribute("loggedInUser");
7: 
8: %>
9: 


An error occurred at line: [70] in the jsp file: [/header.jsp]
User cannot be resolved to a type
67:                 Guest
68:                 <%
69:                     } else {
70:                         User user1 = (User) session.getAttribute("user");
71:                 %>
72:                 <%=user1.getName()%>
73:                 <%


An error occurred at line: [70] in the jsp file: [/header.jsp]
User cannot be resolved to a type
67:                 Guest
68:                 <%
69:                     } else {
70:                         User user1 = (User) session.getAttribute("user");
71:                 %>
72:                 <%=user1.getName()%>
73:                 <%


Stacktrace:] with root cause
	org.apache.jasper.JasperException: Unable to compile class for JSP: 

An error occurred at line: [14] in the generated java file: [/Users/laz/Documents/GitHub/ISD_IoT_Bay/ISDIoTWebApp/work/Catalina/localhost/Web/org/apache/jsp/index_jsp.java]
Only a type can be imported. uts.isd.model.User resolves to a package

An error occurred at line: [15] in the generated java file: [/Users/laz/Documents/GitHub/ISD_IoT_Bay/ISDIoTWebApp/work/Catalina/localhost/Web/org/apache/jsp/index_jsp.java]
Only a type can be imported. uts.isd.model.User resolves to a package

An error occurred at line: [6] in the jsp file: [/index.jsp]
User cannot be resolved to a type
3: 
4: <%
5: 
6:     User user = (User)session.getAttribute("loggedInUser");
7: 
8: %>
9: 


An error occurred at line: [6] in the jsp file: [/index.jsp]
User cannot be resolved to a type
3: 
4: <%
5: 
6:     User user = (User)session.getAttribute("loggedInUser");
7: 
8: %>
9: 


An error occurred at line: [70] in the jsp file: [/header.jsp]
User cannot be resolved to a type
67:                 Guest
68:                 <%
69:                     } else {
70:                         User user1 = (User) session.getAttribute("user");
71:                 %>
72:                 <%=user1.getName()%>
73:                 <%


An error occurred at line: [70] in the jsp file: [/header.jsp]
User cannot be resolved to a type
67:                 Guest
68:                 <%
69:                     } else {
70:                         User user1 = (User) session.getAttribute("user");
71:                 %>
72:                 <%=user1.getName()%>
73:                 <%


Stacktrace:
		at org.apache.jasper.compiler.DefaultErrorHandler.javacError(DefaultErrorHandler.java:72)
		at org.apache.jasper.compiler.ErrorDispatcher.javacError(ErrorDispatcher.java:192)
		at org.apache.jasper.compiler.JDTCompiler.generateClass(JDTCompiler.java:524)
		at org.apache.jasper.compiler.Compiler.compile(Compiler.java:373)
		at org.apache.jasper.compiler.Compiler.compile(Compiler.java:345)
		at org.apache.jasper.compiler.Compiler.compile(Compiler.java:331)
		at org.apache.jasper.JspCompilationContext.compile(JspCompilationContext.java:603)
		at org.apache.jasper.servlet.JspServletWrapper.service(JspServletWrapper.java:396)
		at org.apache.jasper.servlet.JspServlet.serviceJspFile(JspServlet.java:377)
		at org.apache.jasper.servlet.JspServlet.service(JspServlet.java:325)
		at jakarta.servlet.http.HttpServlet.service(HttpServlet.java:658)
		at org.apache.catalina.core.ApplicationFilterChain.internalDoFilter(ApplicationFilterChain.java:195)
		at org.apache.catalina.core.ApplicationFilterChain.doFilter(ApplicationFilterChain.java:140)
		at org.apache.tomcat.websocket.server.WsFilter.doFilter(WsFilter.java:51)
		at org.apache.catalina.core.ApplicationFilterChain.internalDoFilter(ApplicationFilterChain.java:164)
		at org.apache.catalina.core.ApplicationFilterChain.doFilter(ApplicationFilterChain.java:140)
		at org.apache.catalina.core.StandardWrapperValve.invoke(StandardWrapperValve.java:167)
		at org.apache.catalina.core.StandardContextValve.invoke(StandardContextValve.java:90)
		at org.apache.catalina.authenticator.AuthenticatorBase.invoke(AuthenticatorBase.java:483)
		at org.apache.catalina.core.StandardHostValve.invoke(StandardHostValve.java:115)
		at org.apache.catalina.valves.ErrorReportValve.invoke(ErrorReportValve.java:93)
		at org.apache.catalina.valves.AbstractAccessLogValve.invoke(AbstractAccessLogValve.java:663)
		at org.apache.catalina.core.StandardEngineValve.invoke(StandardEngineValve.java:74)
		at org.apache.catalina.connector.CoyoteAdapter.service(CoyoteAdapter.java:344)
		at org.apache.coyote.http11.Http11Processor.service(Http11Processor.java:397)
		at org.apache.coyote.AbstractProcessorLight.process(AbstractProcessorLight.java:63)
		at org.apache.coyote.AbstractProtocol$ConnectionHandler.process(AbstractProtocol.java:905)
		at org.apache.tomcat.util.net.NioEndpoint$SocketProcessor.doRun(NioEndpoint.java:1743)
		at org.apache.tomcat.util.net.SocketProcessorBase.run(SocketProcessorBase.java:52)
		at org.apache.tomcat.util.threads.ThreadPoolExecutor.runWorker(ThreadPoolExecutor.java:1190)
		at org.apache.tomcat.util.threads.ThreadPoolExecutor$Worker.run(ThreadPoolExecutor.java:659)
		at org.apache.tomcat.util.threads.TaskThread$WrappingRunnable.run(TaskThread.java:63)
		at java.base/java.lang.Thread.run(Thread.java:1583)
